<?xml version="1.0" encoding="UTF-8"?>
<testsuites name="jest tests" tests="9" failures="0" time="3.744">
  <testsuite name="modules/feed" errors="0" failures="0" skipped="0" timestamp="2019-12-08T05:11:42" time="1.204" tests="3">
    <testcase classname="modules/feed actions actions.getDreamPosts" name="modules/feed actions actions.getDreamPosts" time="0.034">
    </testcase>
    <testcase classname="modules/feed mutations mutations.SET_DREAM_POSTS" name="modules/feed mutations mutations.SET_DREAM_POSTS" time="0.001">
    </testcase>
    <testcase classname="modules/feed mutations mutations.SET_PAGINATION" name="modules/feed mutations mutations.SET_PAGINATION" time="0">
    </testcase>
  </testsuite>
  <testsuite name="Feed.vue" errors="0" failures="0" skipped="0" timestamp="2019-12-08T05:11:43" time="0.249" tests="2">
    <testcase classname="Feed.vue Feed is a Vue instance" name="Feed.vue Feed is a Vue instance" time="0.014">
    </testcase>
    <testcase classname="Feed.vue mounted() calls feed.getDreamPosts()" name="Feed.vue mounted() calls feed.getDreamPosts()" time="0.005">
    </testcase>
  </testsuite>
  <testsuite name="App.vue" errors="0" failures="0" skipped="0" timestamp="2019-12-08T05:11:43" time="0.118" tests="1">
    <testcase classname="App.vue App is a Vue instance" name="App.vue App is a Vue instance" time="0.005">
    </testcase>
  </testsuite>
  <testsuite name="Home.vue" errors="0" failures="0" skipped="0" timestamp="2019-12-08T05:11:44" time="0.238" tests="1">
    <testcase classname="Home.vue Home is a Vue instance" name="Home.vue Home is a Vue instance" time="0.004">
    </testcase>
  </testsuite>
  <testsuite name="modules/navigation" errors="0" failures="0" skipped="0" timestamp="2019-12-08T05:11:44" time="0.111" tests="2">
    <testcase classname="modules/navigation actions actions.toggleDrawer" name="modules/navigation actions actions.toggleDrawer" time="0.001">
    </testcase>
    <testcase classname="modules/navigation mutations mutations.SET_DRAWER_ACTIVE" name="modules/navigation mutations mutations.SET_DRAWER_ACTIVE" time="0">
    </testcase>
  </testsuite>
</testsuites>